0 info it worked if it ends with ok
1 verbose cli [ 'node',
1 verbose cli   '/Users/Pastey/.nvm/v0.10.41/bin/npm',
1 verbose cli   'run',
1 verbose cli   'test:unit:dev' ]
2 info using npm@2.14.14
3 info using node@v0.10.41
4 verbose run-script [ 'pretest:unit:dev', 'test:unit:dev', 'posttest:unit:dev' ]
5 info pretest:unit:dev backbone-filtered-collection@1.0.0
6 info test:unit:dev backbone-filtered-collection@1.0.0
7 verbose unsafe-perm in lifecycle true
8 info backbone-filtered-collection@1.0.0 Failed to exec test:unit:dev script
9 verbose stack Error: backbone-filtered-collection@1.0.0 test:unit:dev: `mocha -w  ./test/specs/**/*.js`
9 verbose stack Exit status 8
9 verbose stack     at EventEmitter.<anonymous> (/Users/Pastey/.nvm/v0.10.41/lib/node_modules/npm/lib/utils/lifecycle.js:214:16)
9 verbose stack     at EventEmitter.emit (events.js:98:17)
9 verbose stack     at ChildProcess.<anonymous> (/Users/Pastey/.nvm/v0.10.41/lib/node_modules/npm/lib/utils/spawn.js:24:14)
9 verbose stack     at ChildProcess.emit (events.js:98:17)
9 verbose stack     at maybeClose (child_process.js:766:16)
9 verbose stack     at Process.ChildProcess._handle.onexit (child_process.js:833:5)
10 verbose pkgid backbone-filtered-collection@1.0.0
11 verbose cwd /Users/Pastey/web/backbone-filtered-collection
12 error Darwin 15.3.0
13 error argv "node" "/Users/Pastey/.nvm/v0.10.41/bin/npm" "run" "test:unit:dev"
14 error node v0.10.41
15 error npm  v2.14.14
16 error code ELIFECYCLE
17 error backbone-filtered-collection@1.0.0 test:unit:dev: `mocha -w  ./test/specs/**/*.js`
17 error Exit status 8
18 error Failed at the backbone-filtered-collection@1.0.0 test:unit:dev script 'mocha -w  ./test/specs/**/*.js'.
18 error This is most likely a problem with the backbone-filtered-collection package,
18 error not with npm itself.
18 error Tell the author that this fails on your system:
18 error     mocha -w  ./test/specs/**/*.js
18 error You can get their info via:
18 error     npm owner ls backbone-filtered-collection
18 error There is likely additional logging output above.
19 verbose exit [ 1, true ]
